<?xml version="1.0" encoding="UTF-8"?>
<!-- Generated by org.testng.reporters.JUnitReportReporter -->
<testsuite skipped="1" hostname="N-20S5PF2GG0F1" name="com.inetBetting.testCases.TC_AddBet_001" tests="2" failures="0" timestamp="29 Sep 2022 03:24:05 GMT" time="2.215" errors="0">
  <testcase name="validatingcartwith1BetAddded" time="2.215" classname="com.inetBetting.testCases.TC_AddBet_001"/>
  <testcase name="validateMultipleBetsOnCart" classname="com.inetBetting.testCases.TC_AddBet_001">
    <skipped/>
  </testcase> <!-- validateMultipleBetsOnCart -->
</testsuite> <!-- com.inetBetting.testCases.TC_AddBet_001 -->
