<?xml version="1.0" encoding="UTF-8"?>
<!-- Generated by org.testng.reporters.JUnitReportReporter -->
<testsuite skipped="1" hostname="N-20S5PF2GG0F1" name="com.inetBanking.testCases.TC_AddBet_001" tests="2" failures="0" timestamp="28 Sep 2022 13:22:03 GMT" time="1.044" errors="0">
  <testcase name="validatingcartwith1BetAddded" time="1.044" classname="com.inetBanking.testCases.TC_AddBet_001"/>
  <testcase name="validateMultipleBetsOnCart" classname="com.inetBanking.testCases.TC_AddBet_001">
    <skipped/>
  </testcase> <!-- validateMultipleBetsOnCart -->
</testsuite> <!-- com.inetBanking.testCases.TC_AddBet_001 -->
